# JRE version: OpenJDK Runtime Environment (21.0.8) (build 21.0.8+-14196175-b1038.72)
# Java VM: OpenJDK 64-Bit Server VM (21.0.8+-14196175-b1038.72, mixed mode, tiered, compressed oops, compressed class ptrs, g1 gc, windows-amd64)
GC Precious Log:
 CardTable entry size: 512
 Card Set container configuration: InlinePtr #cards 5 size 8 Array Of Cards #cards 12 size 40 Howl #buckets 4 coarsen threshold 1843 Howl Bitmap #cards 512 size 80 coarsen threshold 460 Card regions per heap region 1 cards per card region 2048
 CPUs: 4 total, 4 available
 Memory: 3918M
 Large Page Support: Disabled
 NUMA Support: Disabled
 Compressed Oops: Enabled (32-bit)
 Heap Region Size: 1M
 Heap Min Capacity: 8M
 Heap Initial Capacity: 62M
 Heap Max Capacity: 2G
 Pre-touch: Disabled
 Parallel Workers: 4
 Concurrent Workers: 1
 Concurrent Refinement Workers: 4
 Periodic GC: Disabled
Heap:
 garbage-first heap   total 433152K, used 194688K [0x0000000080000000, 0x0000000100000000)
  region size 1024K, 7 young (7168K), 7 survivors (7168K)
 Metaspace       used 144569K, committed 147008K, reserved 1179648K
  class space    used 19076K, committed 20288K, reserved 1048576K
GC Heap History (20 events):
Event: 357.648 GC heap after
{Heap after GC invocations=69 (full 0):
 garbage-first heap   total 343040K, used 190583K [0x0000000080000000, 0x0000000100000000)
  region size 1024K, 3 young (3072K), 3 survivors (3072K)
 Metaspace       used 138879K, committed 141312K, reserved 1179648K
  class space    used 18641K, committed 19840K, reserved 1048576K
}
Event: 679.457 GC heap before
{Heap before GC invocations=70 (full 0):
 garbage-first heap   total 343040K, used 261239K [0x0000000080000000, 0x0000000100000000)
  region size 1024K, 87 young (89088K), 3 survivors (3072K)
 Metaspace       used 139102K, committed 141504K, reserved 1179648K
  class space    used 18651K, committed 19840K, reserved 1048576K
}
Event: 679.838 GC heap after
{Heap after GC invocations=71 (full 0):
 garbage-first heap   total 424960K, used 179586K [0x0000000080000000, 0x0000000100000000)
  region size 1024K, 7 young (7168K), 7 survivors (7168K)
 Metaspace       used 139102K, committed 141504K, reserved 1179648K
  class space    used 18651K, committed 19840K, reserved 1048576K
}
Event: 690.289 GC heap before
{Heap before GC invocations=71 (full 0):
 garbage-first heap   total 424960K, used 403842K [0x0000000080000000, 0x0000000100000000)
  region size 1024K, 196 young (200704K), 7 survivors (7168K)
 Metaspace       used 139571K, committed 141952K, reserved 1179648K
  class space    used 18656K, committed 19840K, reserved 1048576K
}
Event: 690.904 GC heap after
{Heap after GC invocations=72 (full 0):
 garbage-first heap   total 433152K, used 166652K [0x0000000080000000, 0x0000000100000000)
  region size 1024K, 20 young (20480K), 20 survivors (20480K)
 Metaspace       used 139571K, committed 141952K, reserved 1179648K
  class space    used 18656K, committed 19840K, reserved 1048576K
}
Event: 690.924 GC heap before
{Heap before GC invocations=72 (full 0):
 garbage-first heap   total 433152K, used 167676K [0x0000000080000000, 0x0000000100000000)
  region size 1024K, 21 young (21504K), 20 survivors (20480K)
 Metaspace       used 139571K, committed 141952K, reserved 1179648K
  class space    used 18656K, committed 19840K, reserved 1048576K
}
Event: 691.294 GC heap after
{Heap after GC invocations=73 (full 0):
 garbage-first heap   total 433152K, used 167936K [0x0000000080000000, 0x0000000100000000)
  region size 1024K, 2 young (2048K), 2 survivors (2048K)
 Metaspace       used 139571K, committed 141952K, reserved 1179648K
  class space    used 18656K, committed 19840K, reserved 1048576K
}
Event: 692.162 GC heap before
{Heap before GC invocations=73 (full 0):
 garbage-first heap   total 433152K, used 227328K [0x0000000080000000, 0x0000000100000000)
  region size 1024K, 61 young (62464K), 2 survivors (2048K)
 Metaspace       used 139605K, committed 142016K, reserved 1179648K
  class space    used 18657K, committed 19840K, reserved 1048576K
}
Event: 692.175 GC heap after
{Heap after GC invocations=74 (full 0):
 garbage-first heap   total 433152K, used 172117K [0x0000000080000000, 0x0000000100000000)
  region size 1024K, 6 young (6144K), 6 survivors (6144K)
 Metaspace       used 139605K, committed 142016K, reserved 1179648K
  class space    used 18657K, committed 19840K, reserved 1048576K
}
Event: 698.825 GC heap before
{Heap before GC invocations=75 (full 0):
 garbage-first heap   total 433152K, used 218197K [0x0000000080000000, 0x0000000100000000)
  region size 1024K, 53 young (54272K), 6 survivors (6144K)
 Metaspace       used 139770K, committed 142208K, reserved 1179648K
  class space    used 18672K, committed 19840K, reserved 1048576K
}
Event: 698.868 GC heap after
{Heap after GC invocations=76 (full 0):
 garbage-first heap   total 433152K, used 171677K [0x0000000080000000, 0x0000000100000000)
  region size 1024K, 3 young (3072K), 3 survivors (3072K)
 Metaspace       used 139770K, committed 142208K, reserved 1179648K
  class space    used 18672K, committed 19840K, reserved 1048576K
}
Event: 874.417 GC heap before
{Heap before GC invocations=76 (full 0):
 garbage-first heap   total 433152K, used 290461K [0x0000000080000000, 0x0000000100000000)
  region size 1024K, 120 young (122880K), 3 survivors (3072K)
 Metaspace       used 141120K, committed 143552K, reserved 1179648K
  class space    used 18823K, committed 20032K, reserved 1048576K
}
Event: 874.901 GC heap after
{Heap after GC invocations=77 (full 0):
 garbage-first heap   total 433152K, used 181867K [0x0000000080000000, 0x0000000100000000)
  region size 1024K, 13 young (13312K), 13 survivors (13312K)
 Metaspace       used 141120K, committed 143552K, reserved 1179648K
  class space    used 18823K, committed 20032K, reserved 1048576K
}
Event: 875.559 GC heap before
{Heap before GC invocations=77 (full 0):
 garbage-first heap   total 433152K, used 190059K [0x0000000080000000, 0x0000000100000000)
  region size 1024K, 21 young (21504K), 13 survivors (13312K)
 Metaspace       used 141201K, committed 143616K, reserved 1179648K
  class space    used 18828K, committed 20032K, reserved 1048576K
}
Event: 875.737 GC heap after
{Heap after GC invocations=78 (full 0):
 garbage-first heap   total 433152K, used 183481K [0x0000000080000000, 0x0000000100000000)
  region size 1024K, 3 young (3072K), 3 survivors (3072K)
 Metaspace       used 141201K, committed 143616K, reserved 1179648K
  class space    used 18828K, committed 20032K, reserved 1048576K
}
Event: 883.759 GC heap before
{Heap before GC invocations=78 (full 0):
 garbage-first heap   total 433152K, used 222393K [0x0000000080000000, 0x0000000100000000)
  region size 1024K, 42 young (43008K), 3 survivors (3072K)
 Metaspace       used 141439K, committed 143872K, reserved 1179648K
  class space    used 18845K, committed 20032K, reserved 1048576K
}
Event: 883.833 GC heap after
{Heap after GC invocations=79 (full 0):
 garbage-first heap   total 433152K, used 188416K [0x0000000080000000, 0x0000000100000000)
  region size 1024K, 6 young (6144K), 6 survivors (6144K)
 Metaspace       used 141439K, committed 143872K, reserved 1179648K
  class space    used 18845K, committed 20032K, reserved 1048576K
}
Event: 884.853 GC heap before
{Heap before GC invocations=79 (full 0):
 garbage-first heap   total 433152K, used 207872K [0x0000000080000000, 0x0000000100000000)
  region size 1024K, 26 young (26624K), 6 survivors (6144K)
 Metaspace       used 141666K, committed 144064K, reserved 1179648K
  class space    used 18870K, committed 20032K, reserved 1048576K
}
Event: 884.957 GC heap after
{Heap after GC invocations=80 (full 0):
 garbage-first heap   total 433152K, used 191666K [0x0000000080000000, 0x0000000100000000)
  region size 1024K, 4 young (4096K), 4 survivors (4096K)
 Metaspace       used 141666K, committed 144064K, reserved 1179648K
  class space    used 18870K, committed 20032K, reserved 1048576K
}
Event: 890.784 GC heap before
{Heap before GC invocations=80 (full 0):
 garbage-first heap   total 433152K, used 246962K [0x0000000080000000, 0x0000000100000000)
  region size 1024K, 57 young (58368K), 4 survivors (4096K)
 Metaspace       used 144569K, committed 147008K, reserved 1179648K
  class space    used 19076K, committed 20288K, reserved 1048576K
}

